<?xml version="1.0" encoding="UTF-8"?>
<!-- Generated by org.testng.reporters.JUnitReportReporter -->
<testsuite hostname="panwarManish" failures="0" tests="1" name="com.testcases.testingHomePage" time="3.259" errors="0" timestamp="2023-05-14T17:04:40 IST" skipped="0">
  <testcase classname="com.testcases.testingHomePage" name="test_HomePage" time="3.259"/>
  <system-out/>
</testsuite> <!-- com.testcases.testingHomePage -->
