<?xml version="1.0" encoding="UTF-8"?>
<!-- Generated by org.testng.reporters.JUnitReportReporter -->
<testsuite hostname="panwarManish" failures="0" tests="2" name="com.testcases.test_homepage_MidBanner" time="25.138" errors="0" timestamp="2023-06-23T11:52:36 IST" skipped="0">
  <testcase classname="com.testcases.test_homepage_MidBanner" name="test_HomeImprovement_Beauty" time="11.246"/>
  <system-out/>
  <testcase classname="com.testcases.test_homepage_MidBanner" name="test_top_Fashion_HomeKitchen" time="13.892"/>
  <system-out/>
</testsuite> <!-- com.testcases.test_homepage_MidBanner -->
