<?xml version="1.0" encoding="UTF-8"?>
<!-- Generated by org.testng.reporters.JUnitReportReporter -->
<testsuite hostname="panwarManish" failures="0" tests="1" name="com.testcases.test_homepage_topBanner" time="6.285" errors="0" timestamp="2023-06-23T11:52:36 IST" skipped="0">
  <testcase classname="com.testcases.test_homepage_topBanner" name="test_Homepage" time="6.285"/>
  <system-out/>
</testsuite> <!-- com.testcases.test_homepage_topBanner -->
