<?xml version="1.0" encoding="UTF-8"?>
<!-- Generated by org.testng.reporters.JUnitReportReporter -->
<testsuite hostname="panwarManish" failures="0" tests="1" name="com.testcases.test_homepage_banner" time="3.364" errors="0" timestamp="2023-05-15T16:10:39 IST" skipped="0">
  <testcase classname="com.testcases.test_homepage_banner" name="test_HomePageBanner" time="3.364"/>
  <system-out/>
</testsuite> <!-- com.testcases.test_homepage_banner -->
