<?xml version="1.0" encoding="UTF-8"?>
<!-- Generated by org.testng.reporters.JUnitReportReporter -->
<testsuite hostname="panwarManish" failures="0" tests="1" name="com.testcases.test_homepage" time="3.960" errors="0" timestamp="2023-05-14T18:16:55 IST" skipped="0">
  <testcase classname="com.testcases.test_homepage" name="test_Homepage" time="3.960"/>
  <system-out/>
</testsuite> <!-- com.testcases.test_homepage -->
