<?xml version="1.0" encoding="UTF-8"?>
<!-- Generated by org.testng.reporters.JUnitReportReporter -->
<testsuite hostname="panwarManish" failures="0" tests="1" name="com.testcases.test_homepage_groceries" time="6.640" errors="0" timestamp="2023-06-23T11:52:36 IST" skipped="0">
  <testcase classname="com.testcases.test_homepage_groceries" name="test_Groceries_FruitsVegetables" time="6.640"/>
  <system-out/>
</testsuite> <!-- com.testcases.test_homepage_groceries -->
